#
# A fatal error has been detected by the Java Runtime Environment:
#
#  EXCEPTION_ACCESS_VIOLATION (0xc0000005) at pc=0x00007ffe3e4e6587, pid=7852, tid=32176
#
# JRE version: Java(TM) SE Runtime Environment (21.0.1+12) (build 21.0.1+12-LTS-29)
# Java VM: Java HotSpot(TM) 64-Bit Server VM (21.0.1+12-LTS-29, mixed mode, sharing, tiered, compressed oops, compressed class ptrs, g1 gc, windows-amd64)
# Problematic frame:
# C  [glass.dll+0x26587]
#
# No core dump will be written. Minidumps are not enabled by default on client versions of Windows
#
# If you would like to submit a bug report, please visit:
#   https://bugreport.java.com/bugreport/crash.jsp
#

---------------  S U M M A R Y ------------

Command Line: --enable-preview -javaagent:C:\Program Files\JetBrains\IntelliJ IDEA 2023.3.2\lib\idea_rt.jar=61059:C:\Program Files\JetBrains\IntelliJ IDEA 2023.3.2\bin -Dfile.encoding=UTF-8 -Dsun.stdout.encoding=UTF-8 -Dsun.stderr.encoding=UTF-8 --module-path=C:\Users\Malim\.m2\repository\org\openjfx\javafx-graphics\21\javafx-graphics-21-win.jar;C:\gosha\java\AnimeList\target\classes;C:\Users\Malim\.m2\repository\org\controlsfx\controlsfx\11.1.2\controlsfx-11.1.2.jar;C:\Users\Malim\.m2\repository\com\dlsc\formsfx\formsfx-core\11.6.0\formsfx-core-11.6.0.jar;C:\Users\Malim\.m2\repository\org\openjfx\javafx-fxml\21\javafx-fxml-21-win.jar;C:\Users\Malim\.m2\repository\org\hibernate\orm\hibernate-core\6.0.0.Final\hibernate-core-6.0.0.Final.jar;C:\Users\Malim\.m2\repository\org\openjfx\javafx-controls\21\javafx-controls-21-win.jar;C:\Users\Malim\.m2\repository\org\openjfx\javafx-base\21\javafx-base-21-win.jar;C:\Users\Malim\.m2\repository\jakarta\persistence\jakarta.persistence-api\3.1.0\jakarta.persistence-api-3.1.0.jar -Djdk.module.main=oop.animelist oop.animelist/oop.animelist.AnimeStoreApp

Host: AMD Ryzen 5 7530U with Radeon Graphics         , 12 cores, 5G,  Windows 11 , 64 bit Build 22621 (10.0.22621.2506)
Time: Thu Dec 28 02:55:46 2023 Russia TZ 2 Standard Time elapsed time: 1387.605189 seconds (0d 0h 23m 7s)

---------------  T H R E A D  ---------------

Current thread (0x0000021ffba6b1c0):  VMThread "VM Thread"          [id=32176, stack(0x0000004a85600000,0x0000004a85700000) (1024K)]

Stack: [0x0000004a85600000,0x0000004a85700000],  sp=0x0000004a856fee40,  free space=1019k
Native frames: (J=compiled Java code, j=interpreted, Vv=VM code, C=native code)
C  [glass.dll+0x26587]


siginfo: EXCEPTION_ACCESS_VIOLATION (0xc0000005), reading address 0x0000000000000000


Registers:
RAX=0x0000000000000000, RBX=0x0000021ffba7417a, RCX=0x0000021ffba6b1c0, RDX=0x0000004a856fee40
RSP=0x0000004a856fee40, RBP=0x0000021fd501a7c8, RSI=0x0000004a856fef48, RDI=0x0000021fd501a7a0
R8 =0x0000000000010002, R9 =0x0000021fd501a7a0, R10=0x85f13e9656da4870, R11=0x0000004a856fedd0
R12=0x00007ffe3e4e3ed0, R13=0x00007ffe3f231fa0, R14=0x00000be4ce46f87e, R15=0x0000021fd501a7a0
RIP=0x00007ffe3e4e6587, EFLAGS=0x0000000000010202


Register to memory mapping:

RAX=0x0 is null
RBX=0x0000021ffba7417a is a global jni handle
RCX=0x0000021ffba6b1c0 points into unknown readable memory: 0x00007ffe3f043f88 | 88 3f 04 3f fe 7f 00 00
RDX=0x0000004a856fee40 points into unknown readable memory: 0x0000000000000000 | 00 00 00 00 00 00 00 00
RSP=0x0000004a856fee40 points into unknown readable memory: 0x0000000000000000 | 00 00 00 00 00 00 00 00
RBP=0x0000021fd501a7c8 points into unknown readable memory: 0x00000be4ce46f87e | 7e f8 46 ce e4 0b 00 00
RSI=0x0000004a856fef48 points into unknown readable memory: 0x0000004a856fef30 | 30 ef 6f 85 4a 00 00 00
RDI=0x0000021fd501a7a0 points into unknown readable memory: 0x0000141b41d57604 | 04 76 d5 41 1b 14 00 00
R8 =0x0000000000010002 is an unknown value
R9 =0x0000021fd501a7a0 points into unknown readable memory: 0x0000141b41d57604 | 04 76 d5 41 1b 14 00 00
R10=0x85f13e9656da4870 is an unknown value
R11=0x0000004a856fedd0 points into unknown readable memory: 0x0000021fd501a7a0 | a0 a7 01 d5 1f 02 00 00
R12=0x00007ffe3e4e3ed0 glass.dll
R13=0x00007ffe3f231fa0 jvm.dll
R14=0x00000be4ce46f87e is an unknown value
R15=0x0000021fd501a7a0 points into unknown readable memory: 0x0000141b41d57604 | 04 76 d5 41 1b 14 00 00

Top of Stack: (sp=0x0000004a856fee40)
0x0000004a856fee40:   0000000000000000 0000004a856fef48
0x0000004a856fee50:   00007ffe3f231fa0 00007ffe3e4e3ed0
0x0000004a856fee60:   0000021fd501a7a8 00007ffe83593a83
0x0000004a856fee70:   0000021fd501a7a0 0000021f00000000
0x0000004a856fee80:   0000021fd501a7c8 0000004a856fef48
0x0000004a856fee90:   fffffffffffffffe 0000000000000000
0x0000004a856feea0:   0000000000000001 00007ffe3e4c0000
0x0000004a856feeb0:   0000004a856fef38 00007ffe8356006e
0x0000004a856feec0:   0000000000000000 0000004a856fef48
0x0000004a856feed0:   0000004a856ff230 0000000000000001
0x0000004a856feee0:   0000000000000001 00007ffe8355da1d
0x0000004a856feef0:   0000000000000000 00007ffe3e4e36c9
0x0000004a856fef00:   00007ffe3f231fa0 0000004a856fef38
0x0000004a856fef10:   fffffffffffffffe 00007ffe8601f9ed
0x0000004a856fef20:   0000000000000000 00007ffe3e4e3d5d
0x0000004a856fef30:   00007ffe3e4fa008 00007ffe00000002
0x0000004a856fef40:   0000021f00000002 0000004a856fef30
0x0000004a856fef50:   0000021fd560aa00 00007ffe86018603
0x0000004a856fef60:   0000000000000000 00007ffe3e4e3e82
0x0000004a856fef70:   0000000000000001 00007ffe82aa0000
0x0000004a856fef80:   0000000000000001 00007ffe82aa5277
0x0000004a856fef90:   00007ffe82aa0000 0000004a856ff230
0x0000004a856fefa0:   0000000000000001 00007ffe822a0000
0x0000004a856fefb0:   00007ffe3e4c0000 000000007ffe0384
0x0000004a856fefc0:   0000000000000000 00007ffe8601869f
0x0000004a856fefd0:   00007ffe3e4c0000 0000000000000000
0x0000004a856fefe0:   0000000000000001 000000007ffe0385
0x0000004a856feff0:   00007ffe86127a20 00007ffe546b1c60
0x0000004a856ff000:   0000aaa7080a0300 00007ffe54600000
0x0000004a856ff010:   00007ffe3e4e3ed0 0000000000000000
0x0000004a856ff020:   0000000000000000 0000004a84b7b000
0x0000004a856ff030:   0000021fd503e590 00007ffe860410a6 

Instructions: (pc=0x00007ffe3e4e6587)
0x00007ffe3e4e6487:   8b 4d 58 e8 8d cf ff ff 48 8b 4d 60 e8 84 cf ff
0x00007ffe3e4e6497:   ff 48 8b 95 80 00 00 00 48 8b 8d 18 01 00 00 e8
0x00007ffe3e4e64a7:   76 c4 ff ff 33 d2 33 c9 e8 cc e1 ff ff 90 48 89
0x00007ffe3e4e64b7:   54 24 10 55 48 83 ec 20 48 8b ea 48 b8 00 00 00
0x00007ffe3e4e64c7:   00 00 00 00 00 48 83 c4 20 5d c3 cc 40 55 48 8b
0x00007ffe3e4e64d7:   ea 48 8b 01 33 c9 81 38 05 00 00 c0 0f 94 c1 8b
0x00007ffe3e4e64e7:   c1 5d c3 cc 40 55 48 83 ec 20 48 8b ea 8a 4d 40
0x00007ffe3e4e64f7:   48 83 c4 20 5d e9 73 d3 ff ff cc 40 55 48 83 ec
0x00007ffe3e4e6507:   20 48 8b ea 8a 4d 20 e8 61 d3 ff ff 90 48 83 c4
0x00007ffe3e4e6517:   20 5d c3 cc 40 55 48 83 ec 20 48 8b ea 48 83 c4
0x00007ffe3e4e6527:   20 5d e9 c2 d1 ff ff cc 40 55 48 83 ec 30 48 8b
0x00007ffe3e4e6537:   ea 48 8b 01 8b 10 48 89 4c 24 28 89 54 24 20 4c
0x00007ffe3e4e6547:   8d 0d 63 d6 ff ff 4c 8b 45 70 8b 55 68 48 8b 4d
0x00007ffe3e4e6557:   60 e8 03 d1 ff ff 90 48 83 c4 30 5d c3 cc cc cc
0x00007ffe3e4e6567:   cc cc cc cc cc cc cc cc cc 40 53 48 83 ec 20 48
0x00007ffe3e4e6577:   8b 1d 8b 34 01 00 48 85 db 74 16 e8 89 8f ff ff
0x00007ffe3e4e6587:   4c 8b 00 48 8b d3 48 8b c8 41 ff 90 b0 00 00 00
0x00007ffe3e4e6597:   90 48 83 c4 20 5b c3 cc cc 40 53 48 83 ec 20 48
0x00007ffe3e4e65a7:   8b 1d fb 35 01 00 48 85 db 74 57 b8 ff ff ff ff
0x00007ffe3e4e65b7:   f0 0f c1 43 10 83 f8 01 75 3d 48 85 db 74 38 48
0x00007ffe3e4e65c7:   8b 0b 48 85 c9 74 0d ff 15 d4 0c 00 00 48 c7 03
0x00007ffe3e4e65d7:   00 00 00 00 48 8b 4b 08 48 85 c9 74 0d e8 33 ce
0x00007ffe3e4e65e7:   ff ff 48 c7 43 08 00 00 00 00 ba 18 00 00 00 48
0x00007ffe3e4e65f7:   8b cb e8 1e ce ff ff 48 c7 05 9f 35 01 00 00 00
0x00007ffe3e4e6607:   00 00 48 83 c4 20 5b c3 cc 40 53 48 83 ec 20 48
0x00007ffe3e4e6617:   8b 1d 6b 35 01 00 48 85 db 74 57 b8 ff ff ff ff
0x00007ffe3e4e6627:   f0 0f c1 43 10 83 f8 01 75 3d 48 85 db 74 38 48
0x00007ffe3e4e6637:   8b 0b 48 85 c9 74 0d ff 15 64 0c 00 00 48 c7 03
0x00007ffe3e4e6647:   00 00 00 00 48 8b 4b 08 48 85 c9 74 0d e8 c3 cd
0x00007ffe3e4e6657:   ff ff 48 c7 43 08 00 00 00 00 ba 18 00 00 00 48
0x00007ffe3e4e6667:   8b cb e8 ae cd ff ff 48 c7 05 0f 35 01 00 00 00
0x00007ffe3e4e6677:   00 00 48 83 c4 20 5b c3 cc 40 53 48 83 ec 20 48 


Stack slot to memory mapping:

stack at sp + 0 slots: 0x0 is null
stack at sp + 1 slots: 0x0000004a856fef48 points into unknown readable memory: 0x0000004a856fef30 | 30 ef 6f 85 4a 00 00 00
stack at sp + 2 slots: 0x00007ffe3f231fa0 jvm.dll
stack at sp + 3 slots: 0x00007ffe3e4e3ed0 glass.dll
stack at sp + 4 slots: 0x0000021fd501a7a8 points into unknown readable memory: 0x00000be4ce46f87e | 7e f8 46 ce e4 0b 00 00
stack at sp + 5 slots: 0x00007ffe83593a83 ucrtbase.dll
stack at sp + 6 slots: 0x0000021fd501a7a0 points into unknown readable memory: 0x0000141b41d57604 | 04 76 d5 41 1b 14 00 00
stack at sp + 7 slots: 0x0000021f00000000 is an unknown value

VM_Operation (0x0000004a84dff230): Exit, mode: safepoint, requested by thread 0x0000021fdb681070


---------------  P R O C E S S  ---------------

Threads class SMR info:
_java_thread_list=0x0000021fdb873010, length=21, elements={
0x0000021fec5e1350, 0x0000021ffba859a0, 0x0000021ffba86600, 0x0000021ffba8b630,
0x0000021ffba8c090, 0x0000021ffbaa1320, 0x0000021ffbaa20b0, 0x0000021ffba96580,
0x0000021fd41af0e0, 0x0000021fd44dab50, 0x0000021fd44e32a0, 0x0000021fd4888140,
0x0000021fd50924a0, 0x0000021fd50a9650, 0x0000021fd5310f70, 0x0000021fd5950ab0,
0x0000021fd5b78040, 0x0000021fdb6809e0, 0x0000021fdb681d90, 0x0000021fdb683e60,
0x0000021fdb681070
}

Java Threads: ( => current thread )
  0x0000021fec5e1350 JavaThread "main"                              [_thread_blocked, id=12104, stack(0x0000004a84f00000,0x0000004a85000000) (1024K)]
  0x0000021ffba859a0 JavaThread "Reference Handler"          daemon [_thread_blocked, id=32516, stack(0x0000004a85700000,0x0000004a85800000) (1024K)]
  0x0000021ffba86600 JavaThread "Finalizer"                  daemon [_thread_blocked, id=29204, stack(0x0000004a85800000,0x0000004a85900000) (1024K)]
  0x0000021ffba8b630 JavaThread "Attach Listener"            daemon [_thread_blocked, id=8900, stack(0x0000004a85a00000,0x0000004a85b00000) (1024K)]
  0x0000021ffba8c090 JavaThread "Service Thread"             daemon [_thread_blocked, id=22680, stack(0x0000004a85b00000,0x0000004a85c00000) (1024K)]
  0x0000021ffbaa1320 JavaThread "Monitor Deflation Thread"   daemon [_thread_blocked, id=30360, stack(0x0000004a85c00000,0x0000004a85d00000) (1024K)]
  0x0000021ffbaa20b0 JavaThread "C2 CompilerThread0"         daemon [_thread_blocked, id=27800, stack(0x0000004a85d00000,0x0000004a85e00000) (1024K)]
  0x0000021ffba96580 JavaThread "C1 CompilerThread0"         daemon [_thread_blocked, id=31208, stack(0x0000004a85e00000,0x0000004a85f00000) (1024K)]
  0x0000021fd41af0e0 JavaThread "Common-Cleaner"             daemon [_thread_blocked, id=29816, stack(0x0000004a85f00000,0x0000004a86000000) (1024K)]
  0x0000021fd44dab50 JavaThread "Monitor Ctrl-Break"         daemon [_thread_in_native, id=11892, stack(0x0000004a86100000,0x0000004a86200000) (1024K)]
  0x0000021fd44e32a0 JavaThread "Notification Thread"        daemon [_thread_blocked, id=11560, stack(0x0000004a86200000,0x0000004a86300000) (1024K)]
  0x0000021fd4888140 JavaThread "QuantumRenderer-0"          daemon [_thread_blocked, id=32328, stack(0x0000004a86000000,0x0000004a86100000) (1024K)]
  0x0000021fd50924a0 JavaThread "InvokeLaterDispatcher"      daemon [_thread_blocked, id=23208, stack(0x0000004a86500000,0x0000004a86600000) (1024K)]
  0x0000021fd50a9650 JavaThread "JavaFX Application Thread"         [_thread_in_native, id=32188, stack(0x0000004a86600000,0x0000004a86700000) (1024K)]
  0x0000021fd5310f70 JavaThread "Thread-1"                   daemon [_thread_in_native, id=31296, stack(0x0000004a87400000,0x0000004a87500000) (1024K)]
  0x0000021fd5950ab0 JavaThread "mysql-cj-abandoned-connection-cleanup" daemon [_thread_blocked, id=27616, stack(0x0000004a87a00000,0x0000004a87b00000) (1024K)]
  0x0000021fd5b78040 JavaThread "Hibernate Connection Pool Validation Thread" daemon [_thread_blocked, id=19112, stack(0x0000004a87d00000,0x0000004a87e00000) (1024K)]
  0x0000021fdb6809e0 JavaThread "JavaFX-Launcher"                   [_thread_blocked, id=3564, stack(0x0000004a87e00000,0x0000004a87f00000) (1024K)]
  0x0000021fdb681d90 JavaThread "Prism Font Disposer"        daemon [_thread_blocked, id=23644, stack(0x0000004a87f00000,0x0000004a88000000) (1024K)]
  0x0000021fdb683e60 JavaThread "Cleaner-0"                  daemon [_thread_blocked, id=6912, stack(0x0000004a87500000,0x0000004a87600000) (1024K)]
  0x0000021fdb681070 JavaThread "SIGINT handler"             daemon [_thread_blocked, id=10536, stack(0x0000004a84d00000,0x0000004a84e00000) (1024K)]
Total: 21

Other Threads:
=>0x0000021ffba6b1c0 VMThread "VM Thread"                           [id=32176, stack(0x0000004a85600000,0x0000004a85700000) (1024K)]
  0x0000021fee79ae70 WorkerThread "GC Thread#0"                     [id=23212, stack(0x0000004a85000000,0x0000004a85100000) (1024K)]
  0x0000021fd50ad530 WorkerThread "GC Thread#1"                     [id=15660, stack(0x0000004a86700000,0x0000004a86800000) (1024K)]
  0x0000021fd50ad8d0 WorkerThread "GC Thread#2"                     [id=17424, stack(0x0000004a86800000,0x0000004a86900000) (1024K)]
  0x0000021fd50ae480 WorkerThread "GC Thread#3"                     [id=21776, stack(0x0000004a86900000,0x0000004a86a00000) (1024K)]
  0x0000021fd5114e60 WorkerThread "GC Thread#4"                     [id=26144, stack(0x0000004a86a00000,0x0000004a86b00000) (1024K)]
  0x0000021fd5115200 WorkerThread "GC Thread#5"                     [id=6428, stack(0x0000004a86b00000,0x0000004a86c00000) (1024K)]
  0x0000021fd56e4d60 WorkerThread "GC Thread#6"                     [id=5352, stack(0x0000004a87600000,0x0000004a87700000) (1024K)]
  0x0000021fd56e5100 WorkerThread "GC Thread#7"                     [id=9528, stack(0x0000004a87700000,0x0000004a87800000) (1024K)]
  0x0000021fd56e49c0 WorkerThread "GC Thread#8"                     [id=24372, stack(0x0000004a87800000,0x0000004a87900000) (1024K)]
  0x0000021fd56e4280 WorkerThread "GC Thread#9"                     [id=32292, stack(0x0000004a87900000,0x0000004a87a00000) (1024K)]
  0x0000021fee7a8230 ConcurrentGCThread "G1 Main Marker"            terminated
  0x0000021fee7a8bd0 WorkerThread "G1 Conc#0"                       [id=27952, stack(0x0000004a85200000,0x0000004a85300000) (1024K)]
  0x0000021fd56e37a0 WorkerThread "G1 Conc#1"                       [id=21740, stack(0x0000004a87b00000,0x0000004a87c00000) (1024K)]
  0x0000021fd56e3ee0 WorkerThread "G1 Conc#2"                       [id=22180, stack(0x0000004a87c00000,0x0000004a87d00000) (1024K)]
  0x0000021fee81e3d0 ConcurrentGCThread "G1 Refine#0"               terminated
  0x0000021ffb9244e0 ConcurrentGCThread "G1 Service"                terminated
Total: 17

Threads with active compile tasks:
Total: 0

VM state: at safepoint (shutting down)

VM Mutex/Monitor currently owned by a thread:  ([mutex/lock_event])
[0x00007ffe3f20a5f8] Threads_lock - owner thread: 0x0000021ffba6b1c0
[0x00007ffe3f20a6f8] Heap_lock - owner thread: 0x0000021fdb681070

Heap address: 0x00000000a2800000, size: 1496 MB, Compressed Oops mode: 32-bit

CDS archive(s) mapped at: [0x0000021f8f000000-0x0000021f8fc90000-0x0000021f8fc90000), size 13172736, SharedBaseAddress: 0x0000021f8f000000, ArchiveRelocationMode: 1.
Compressed class space mapped at: 0x0000021f90000000-0x0000021fd0000000, reserved size: 1073741824
Narrow klass base: 0x0000021f8f000000, Narrow klass shift: 0, Narrow klass range: 0x100000000

GC Precious Log:
 CardTable entry size: 512
 Card Set container configuration: InlinePtr #cards 5 size 8 Array Of Cards #cards 12 size 40 Howl #buckets 4 coarsen threshold 1843 Howl Bitmap #cards 512 size 80 coarsen threshold 460 Card regions per heap region 1 cards per card region 2048
 CPUs: 12 total, 12 available
 Memory: 5981M
 Large Page Support: Disabled
 NUMA Support: Disabled
 Compressed Oops: Enabled (32-bit)
 Heap Region Size: 1M
 Heap Min Capacity: 8M
 Heap Initial Capacity: 94M
 Heap Max Capacity: 1496M
 Pre-touch: Disabled
 Parallel Workers: 10
 Concurrent Workers: 3
 Concurrent Refinement Workers: 10
 Periodic GC: Disabled

Heap:
 garbage-first heap   total 50176K, used 30322K [0x00000000a2800000, 0x0000000100000000)
  region size 1024K, 5 young (5120K), 2 survivors (2048K)
 Metaspace       used 47912K, committed 48320K, reserved 1114112K
  class space    used 6691K, committed 6848K, reserved 1048576K

Heap Regions: E=young(eden), S=young(survivor), O=old, HS=humongous(starts), HC=humongous(continues), CS=collection set, F=free, TAMS=top-at-mark-start, PB=parsable bottom
|   0|0x00000000a2800000, 0x00000000a2900000, 0x00000000a2900000|100%|HS|  |TAMS 0x00000000a2800000| PB 0x00000000a2800000| Complete 
|   1|0x00000000a2900000, 0x00000000a2a00000, 0x00000000a2a00000|100%| O|  |TAMS 0x00000000a2900000| PB 0x00000000a2900000| Untracked 
|   2|0x00000000a2a00000, 0x00000000a2b00000, 0x00000000a2b00000|100%| O|  |TAMS 0x00000000a2a00000| PB 0x00000000a2a00000| Untracked 
|   3|0x00000000a2b00000, 0x00000000a2c00000, 0x00000000a2c00000|100%| O|  |TAMS 0x00000000a2b00000| PB 0x00000000a2b00000| Untracked 
|   4|0x00000000a2c00000, 0x00000000a2d00000, 0x00000000a2d00000|100%| O|  |TAMS 0x00000000a2c00000| PB 0x00000000a2c00000| Untracked 
|   5|0x00000000a2d00000, 0x00000000a2e00000, 0x00000000a2e00000|100%| O|  |TAMS 0x00000000a2d00000| PB 0x00000000a2d00000| Untracked 
|   6|0x00000000a2e00000, 0x00000000a2f00000, 0x00000000a2f00000|100%| O|  |TAMS 0x00000000a2e00000| PB 0x00000000a2e00000| Untracked 
|   7|0x00000000a2f00000, 0x00000000a3000000, 0x00000000a3000000|100%| O|  |TAMS 0x00000000a2f00000| PB 0x00000000a2f00000| Untracked 
|   8|0x00000000a3000000, 0x00000000a3100000, 0x00000000a3100000|100%| O|  |TAMS 0x00000000a3000000| PB 0x00000000a3000000| Untracked 
|   9|0x00000000a3100000, 0x00000000a3200000, 0x00000000a3200000|100%| O|  |TAMS 0x00000000a3100000| PB 0x00000000a3100000| Untracked 
|  10|0x00000000a3200000, 0x00000000a3300000, 0x00000000a3300000|100%| O|  |TAMS 0x00000000a3200000| PB 0x00000000a3200000| Untracked 
|  11|0x00000000a3300000, 0x00000000a3400000, 0x00000000a3400000|100%| O|Cm|TAMS 0x00000000a3300000| PB 0x00000000a3300000| Complete 
|  12|0x00000000a3400000, 0x00000000a3500000, 0x00000000a3500000|100%|HS|  |TAMS 0x00000000a3400000| PB 0x00000000a3400000| Complete 
|  13|0x00000000a3500000, 0x00000000a3600000, 0x00000000a3600000|100%|HC|  |TAMS 0x00000000a3500000| PB 0x00000000a3500000| Complete 
|  14|0x00000000a3600000, 0x00000000a3700000, 0x00000000a3700000|100%|HC|  |TAMS 0x00000000a3600000| PB 0x00000000a3600000| Complete 
|  15|0x00000000a3700000, 0x00000000a3800000, 0x00000000a3800000|100%| O|  |TAMS 0x00000000a3700000| PB 0x00000000a3700000| Untracked 
|  16|0x00000000a3800000, 0x00000000a3900000, 0x00000000a3900000|100%|HS|  |TAMS 0x00000000a3800000| PB 0x00000000a3800000| Complete 
|  17|0x00000000a3900000, 0x00000000a3a00000, 0x00000000a3a00000|100%|HC|  |TAMS 0x00000000a3900000| PB 0x00000000a3900000| Complete 
|  18|0x00000000a3a00000, 0x00000000a3b00000, 0x00000000a3b00000|100%| O|  |TAMS 0x00000000a3a00000| PB 0x00000000a3a00000| Untracked 
|  19|0x00000000a3b00000, 0x00000000a3c00000, 0x00000000a3c00000|100%|HS|  |TAMS 0x00000000a3b00000| PB 0x00000000a3b00000| Complete 
|  20|0x00000000a3c00000, 0x00000000a3d00000, 0x00000000a3d00000|100%|HC|  |TAMS 0x00000000a3c00000| PB 0x00000000a3c00000| Complete 
|  21|0x00000000a3d00000, 0x00000000a3e00000, 0x00000000a3e00000|100%|HC|  |TAMS 0x00000000a3d00000| PB 0x00000000a3d00000| Complete 
|  22|0x00000000a3e00000, 0x00000000a3f00000, 0x00000000a3f00000|100%|HS|  |TAMS 0x00000000a3e00000| PB 0x00000000a3e00000| Complete 
|  23|0x00000000a3f00000, 0x00000000a4000000, 0x00000000a4000000|100%|HC|  |TAMS 0x00000000a3f00000| PB 0x00000000a3f00000| Complete 
|  24|0x00000000a4000000, 0x00000000a4100000, 0x00000000a4100000|100%|HC|  |TAMS 0x00000000a4000000| PB 0x00000000a4000000| Complete 
|  25|0x00000000a4100000, 0x00000000a4200000, 0x00000000a4200000|100%| O|  |TAMS 0x00000000a4100000| PB 0x00000000a4100000| Untracked 
|  26|0x00000000a4200000, 0x00000000a4200000, 0x00000000a4300000|  0%| F|  |TAMS 0x00000000a4200000| PB 0x00000000a4200000| Untracked 
|  27|0x00000000a4300000, 0x00000000a439c9f0, 0x00000000a4400000| 61%| S|CS|TAMS 0x00000000a4300000| PB 0x00000000a4300000| Complete 
|  28|0x00000000a4400000, 0x00000000a4500000, 0x00000000a4500000|100%| S|CS|TAMS 0x00000000a4400000| PB 0x00000000a4400000| Complete 
|  29|0x00000000a4500000, 0x00000000a4500000, 0x00000000a4600000|  0%| F|  |TAMS 0x00000000a4500000| PB 0x00000000a4500000| Untracked 
|  30|0x00000000a4600000, 0x00000000a4600000, 0x00000000a4700000|  0%| F|  |TAMS 0x00000000a4600000| PB 0x00000000a4600000| Untracked 
|  31|0x00000000a4700000, 0x00000000a4700000, 0x00000000a4800000|  0%| F|  |TAMS 0x00000000a4700000| PB 0x00000000a4700000| Untracked 
|  32|0x00000000a4800000, 0x00000000a4800000, 0x00000000a4900000|  0%| F|  |TAMS 0x00000000a4800000| PB 0x00000000a4800000| Untracked 
|  33|0x00000000a4900000, 0x00000000a4900000, 0x00000000a4a00000|  0%| F|  |TAMS 0x00000000a4900000| PB 0x00000000a4900000| Untracked 
|  34|0x00000000a4a00000, 0x00000000a4a00000, 0x00000000a4b00000|  0%| F|  |TAMS 0x00000000a4a00000| PB 0x00000000a4a00000| Untracked 
|  35|0x00000000a4b00000, 0x00000000a4b00000, 0x00000000a4c00000|  0%| F|  |TAMS 0x00000000a4b00000| PB 0x00000000a4b00000| Untracked 
|  36|0x00000000a4c00000, 0x00000000a4c00000, 0x00000000a4d00000|  0%| F|  |TAMS 0x00000000a4c00000| PB 0x00000000a4c00000| Untracked 
|  37|0x00000000a4d00000, 0x00000000a4d00000, 0x00000000a4e00000|  0%| F|  |TAMS 0x00000000a4d00000| PB 0x00000000a4d00000| Untracked 
|  38|0x00000000a4e00000, 0x00000000a4e00000, 0x00000000a4f00000|  0%| F|  |TAMS 0x00000000a4e00000| PB 0x00000000a4e00000| Untracked 
|  39|0x00000000a4f00000, 0x00000000a4f00000, 0x00000000a5000000|  0%| F|  |TAMS 0x00000000a4f00000| PB 0x00000000a4f00000| Untracked 
|  40|0x00000000a5000000, 0x00000000a5000000, 0x00000000a5100000|  0%| F|  |TAMS 0x00000000a5000000| PB 0x00000000a5000000| Untracked 
|  41|0x00000000a5100000, 0x00000000a5100000, 0x00000000a5200000|  0%| F|  |TAMS 0x00000000a5100000| PB 0x00000000a5100000| Untracked 
|  42|0x00000000a5200000, 0x00000000a5200000, 0x00000000a5300000|  0%| F|  |TAMS 0x00000000a5200000| PB 0x00000000a5200000| Untracked 
|  43|0x00000000a5300000, 0x00000000a5300000, 0x00000000a5400000|  0%| F|  |TAMS 0x00000000a5300000| PB 0x00000000a5300000| Untracked 
|  44|0x00000000a5400000, 0x00000000a5400000, 0x00000000a5500000|  0%| F|  |TAMS 0x00000000a5400000| PB 0x00000000a5400000| Untracked 
|  77|0x00000000a7500000, 0x00000000a7500000, 0x00000000a7600000|  0%| F|  |TAMS 0x00000000a7500000| PB 0x00000000a7500000| Untracked 
|  78|0x00000000a7600000, 0x00000000a760c740, 0x00000000a7700000|  4%| E|  |TAMS 0x00000000a7600000| PB 0x00000000a7600000| Complete 
|  79|0x00000000a7700000, 0x00000000a7800000, 0x00000000a7800000|100%| E|CS|TAMS 0x00000000a7700000| PB 0x00000000a7700000| Complete 
|  93|0x00000000a8500000, 0x00000000a8600000, 0x00000000a8600000|100%| E|CS|TAMS 0x00000000a8500000| PB 0x00000000a8500000| Complete 

Card table byte_map: [0x0000021ff7400000,0x0000021ff76f0000] _byte_map_base: 0x0000021ff6eec000

Marking Bits: (CMBitMap*) 0x0000021fee79bc20
 Bits: [0x0000021ff76f0000, 0x0000021ff8e50000)

Polling page: 0x0000021fedf20000

Metaspace:

Usage:
  Non-class:     40.26 MB used.
      Class:      6.53 MB used.
       Both:     46.79 MB used.

Virtual space:
  Non-class space:       64.00 MB reserved,      40.50 MB ( 63%) committed,  1 nodes.
      Class space:        1.00 GB reserved,       6.69 MB ( <1%) committed,  1 nodes.
             Both:        1.06 GB reserved,      47.19 MB (  4%) committed. 

Chunk freelists:
   Non-Class:  6.97 MB
       Class:  9.33 MB
        Both:  16.29 MB

MaxMetaspaceSize: unlimited
CompressedClassSpaceSize: 1.00 GB
Initial GC threshold: 21.00 MB
Current GC threshold: 78.56 MB
CDS: on
 - commit_granule_bytes: 65536.
 - commit_granule_words: 8192.
 - virtual_space_node_default_size: 8388608.
 - enlarge_chunks_in_place: 1.
 - use_allocation_guard: 0.


Internal statistics:

num_allocs_failed_limit: 6.
num_arena_births: 468.
num_arena_deaths: 0.
num_vsnodes_births: 2.
num_vsnodes_deaths: 0.
num_space_committed: 755.
num_space_uncommitted: 0.
num_chunks_returned_to_freelist: 6.
num_chunks_taken_from_freelist: 1960.
num_chunk_merges: 3.
num_chunk_splits: 1402.
num_chunks_enlarged: 1116.
num_inconsistent_stats: 0.

CodeHeap 'non-profiled nmethods': size=120000Kb used=1819Kb max_used=1819Kb free=118180Kb
 bounds [0x0000021f87ad0000, 0x0000021f87d40000, 0x0000021f8f000000]
CodeHeap 'profiled nmethods': size=120000Kb used=7734Kb max_used=7734Kb free=112265Kb
 bounds [0x0000021f80000000, 0x0000021f807a0000, 0x0000021f87530000]
CodeHeap 'non-nmethods': size=5760Kb used=2055Kb max_used=2085Kb free=3704Kb
 bounds [0x0000021f87530000, 0x0000021f877a0000, 0x0000021f87ad0000]
 total_blobs=5093 nmethods=4085 adapters=911
 compilation: enabled
              stopped_count=0, restarted_count=0
 full_count=0

Compilation events (20 events):
Event: 1052.005 Thread 0x0000021ffba96580 4493       3       java.lang.ref.ReferenceQueue::await (15 bytes)
Event: 1052.016 Thread 0x0000021ffba96580 nmethod 4493 0x0000021f803d2a10 code [0x0000021f803d2bc0, 0x0000021f803d2d68]
Event: 1052.618 Thread 0x0000021ffba96580 4495       3       com.sun.javafx.animation.TickCalculation::fromDuration (8 bytes)
Event: 1052.627 Thread 0x0000021ffba96580 nmethod 4495 0x0000021f8001ab10 code [0x0000021f8001ace0, 0x0000021f8001ae88]
Event: 1052.636 Thread 0x0000021ffba96580 4496       3       javafx.scene.control.Control::queryAccessibleAttribute (99 bytes)
Event: 1052.696 Thread 0x0000021ffba96580 nmethod 4496 0x0000021f8078c610 code [0x0000021f8078c8e0, 0x0000021f8078d968]
Event: 1137.013 Thread 0x0000021ffbaa20b0 4497       4       java.lang.String::regionMatches (150 bytes)
Event: 1137.050 Thread 0x0000021ffbaa20b0 nmethod 4497 0x0000021f87c96510 code [0x0000021f87c966c0, 0x0000021f87c96a18]
Event: 1172.032 Thread 0x0000021ffba96580 4498       3       jdk.internal.loader.URLClassPath::findResource (38 bytes)
Event: 1172.049 Thread 0x0000021ffba96580 nmethod 4498 0x0000021f80087590 code [0x0000021f80087760, 0x0000021f80087ab8]
Event: 1202.044 Thread 0x0000021ffba96580 4499   !   3       jdk.internal.loader.URLClassPath::check (123 bytes)
Event: 1202.049 Thread 0x0000021ffba96580 nmethod 4499 0x0000021f802ac210 code [0x0000021f802ac3c0, 0x0000021f802ac598]
Event: 1277.061 Thread 0x0000021ffba96580 4500   !   3       com.mysql.cj.jdbc.AbandonedConnectionCleanupThread::checkThreadContextClassLoader (20 bytes)
Event: 1277.104 Thread 0x0000021ffba96580 nmethod 4500 0x0000021f802ab510 code [0x0000021f802ab720, 0x0000021f802abd80]
Event: 1387.048 Thread 0x0000021ffba96580 4501       3       java.util.logging.LogManager::checkPermission (16 bytes)
Event: 1387.049 Thread 0x0000021ffba96580 nmethod 4501 0x0000021f8078de10 code [0x0000021f8078dfc0, 0x0000021f8078e1b8]
Event: 1387.050 Thread 0x0000021ffba96580 4502   !   3       java.util.logging.LogManager$LoggerContext::findLogger (113 bytes)
Event: 1387.064 Thread 0x0000021ffba96580 nmethod 4502 0x0000021f8078e290 code [0x0000021f8078e540, 0x0000021f8078f490]
Event: 1387.064 Thread 0x0000021ffba96580 4503       3       java.util.logging.Logger::updateEffectiveLevel (126 bytes)
Event: 1387.077 Thread 0x0000021ffba96580 nmethod 4503 0x0000021f8078fa10 code [0x0000021f8078fc60, 0x0000021f807906c0]

GC Heap History (18 events):
Event: 0.820 GC heap before
{Heap before GC invocations=0 (full 0):
 garbage-first heap   total 96256K, used 23552K [0x00000000a2800000, 0x0000000100000000)
  region size 1024K, 23 young (23552K), 0 survivors (0K)
 Metaspace       used 3535K, committed 3712K, reserved 1114112K
  class space    used 369K, committed 448K, reserved 1048576K
}
Event: 0.824 GC heap after
{Heap after GC invocations=1 (full 0):
 garbage-first heap   total 96256K, used 3072K [0x00000000a2800000, 0x0000000100000000)
  region size 1024K, 3 young (3072K), 3 survivors (3072K)
 Metaspace       used 3535K, committed 3712K, reserved 1114112K
  class space    used 369K, committed 448K, reserved 1048576K
}
Event: 1.646 GC heap before
{Heap before GC invocations=1 (full 0):
 garbage-first heap   total 96256K, used 38912K [0x00000000a2800000, 0x0000000100000000)
  region size 1024K, 37 young (37888K), 3 survivors (3072K)
 Metaspace       used 15489K, committed 15744K, reserved 1114112K
  class space    used 1885K, committed 1984K, reserved 1048576K
}
Event: 1.653 GC heap after
{Heap after GC invocations=2 (full 0):
 garbage-first heap   total 96256K, used 8127K [0x00000000a2800000, 0x0000000100000000)
  region size 1024K, 5 young (5120K), 5 survivors (5120K)
 Metaspace       used 15489K, committed 15744K, reserved 1114112K
  class space    used 1885K, committed 1984K, reserved 1048576K
}
Event: 1.972 GC heap before
{Heap before GC invocations=2 (full 0):
 garbage-first heap   total 96256K, used 21439K [0x00000000a2800000, 0x0000000100000000)
  region size 1024K, 19 young (19456K), 5 survivors (5120K)
 Metaspace       used 21230K, committed 21504K, reserved 1114112K
  class space    used 2555K, committed 2688K, reserved 1048576K
}
Event: 1.976 GC heap after
{Heap after GC invocations=3 (full 0):
 garbage-first heap   total 96256K, used 10136K [0x00000000a2800000, 0x0000000100000000)
  region size 1024K, 3 young (3072K), 3 survivors (3072K)
 Metaspace       used 21230K, committed 21504K, reserved 1114112K
  class space    used 2555K, committed 2688K, reserved 1048576K
}
Event: 2.505 GC heap before
{Heap before GC invocations=4 (full 0):
 garbage-first heap   total 40960K, used 39832K [0x00000000a2800000, 0x0000000100000000)
  region size 1024K, 32 young (32768K), 3 survivors (3072K)
 Metaspace       used 28618K, committed 28928K, reserved 1114112K
  class space    used 3543K, committed 3648K, reserved 1048576K
}
Event: 2.509 GC heap after
{Heap after GC invocations=5 (full 0):
 garbage-first heap   total 45056K, used 11535K [0x00000000a2800000, 0x0000000100000000)
  region size 1024K, 4 young (4096K), 4 survivors (4096K)
 Metaspace       used 28618K, committed 28928K, reserved 1114112K
  class space    used 3543K, committed 3648K, reserved 1048576K
}
Event: 2.867 GC heap before
{Heap before GC invocations=5 (full 0):
 garbage-first heap   total 45056K, used 34063K [0x00000000a2800000, 0x0000000100000000)
  region size 1024K, 26 young (26624K), 4 survivors (4096K)
 Metaspace       used 34631K, committed 34944K, reserved 1114112K
  class space    used 4504K, committed 4672K, reserved 1048576K
}
Event: 2.870 GC heap after
{Heap after GC invocations=6 (full 0):
 garbage-first heap   total 45056K, used 12228K [0x00000000a2800000, 0x0000000100000000)
  region size 1024K, 3 young (3072K), 3 survivors (3072K)
 Metaspace       used 34631K, committed 34944K, reserved 1114112K
  class space    used 4504K, committed 4672K, reserved 1048576K
}
Event: 2.924 GC heap before
{Heap before GC invocations=6 (full 0):
 garbage-first heap   total 45056K, used 16324K [0x00000000a2800000, 0x0000000100000000)
  region size 1024K, 9 young (9216K), 3 survivors (3072K)
 Metaspace       used 35642K, committed 35968K, reserved 1114112K
  class space    used 4659K, committed 4864K, reserved 1048576K
}
Event: 2.927 GC heap after
{Heap after GC invocations=7 (full 0):
 garbage-first heap   total 45056K, used 12437K [0x00000000a2800000, 0x0000000100000000)
  region size 1024K, 1 young (1024K), 1 survivors (1024K)
 Metaspace       used 35642K, committed 35968K, reserved 1114112K
  class space    used 4659K, committed 4864K, reserved 1048576K
}
Event: 3.242 GC heap before
{Heap before GC invocations=8 (full 0):
 garbage-first heap   total 45056K, used 40085K [0x00000000a2800000, 0x0000000100000000)
  region size 1024K, 26 young (26624K), 1 survivors (1024K)
 Metaspace       used 40697K, committed 41152K, reserved 1114112K
  class space    used 5474K, committed 5696K, reserved 1048576K
}
Event: 3.243 GC heap after
{Heap after GC invocations=9 (full 0):
 garbage-first heap   total 45056K, used 16450K [0x00000000a2800000, 0x0000000100000000)
  region size 1024K, 2 young (2048K), 2 survivors (2048K)
 Metaspace       used 40697K, committed 41152K, reserved 1114112K
  class space    used 5474K, committed 5696K, reserved 1048576K
}
Event: 3.607 GC heap before
{Heap before GC invocations=9 (full 0):
 garbage-first heap   total 45056K, used 37954K [0x00000000a2800000, 0x0000000100000000)
  region size 1024K, 24 young (24576K), 2 survivors (2048K)
 Metaspace       used 44766K, committed 45184K, reserved 1114112K
  class space    used 6237K, committed 6400K, reserved 1048576K
}
Event: 3.611 GC heap after
{Heap after GC invocations=10 (full 0):
 garbage-first heap   total 45056K, used 18258K [0x00000000a2800000, 0x0000000100000000)
  region size 1024K, 3 young (3072K), 3 survivors (3072K)
 Metaspace       used 44766K, committed 45184K, reserved 1114112K
  class space    used 6237K, committed 6400K, reserved 1048576K
}
Event: 22.508 GC heap before
{Heap before GC invocations=10 (full 0):
 garbage-first heap   total 45056K, used 37714K [0x00000000a2800000, 0x0000000100000000)
  region size 1024K, 18 young (18432K), 3 survivors (3072K)
 Metaspace       used 47862K, committed 48256K, reserved 1114112K
  class space    used 6689K, committed 6848K, reserved 1048576K
}
Event: 22.513 GC heap after
{Heap after GC invocations=11 (full 0):
 garbage-first heap   total 45056K, used 25202K [0x00000000a2800000, 0x0000000100000000)
  region size 1024K, 2 young (2048K), 2 survivors (2048K)
 Metaspace       used 47862K, committed 48256K, reserved 1114112K
  class space    used 6689K, committed 6848K, reserved 1048576K
}

Dll operation events (20 events):
Event: 0.550 Loaded shared library C:\Users\Malim\.openjfx\cache\21+31\amd64\api-ms-win-crt-private-l1-1-0.dll
Event: 0.554 Loaded shared library C:\Users\Malim\.openjfx\cache\21+31\amd64\api-ms-win-crt-process-l1-1-0.dll
Event: 0.559 Loaded shared library C:\Users\Malim\.openjfx\cache\21+31\amd64\api-ms-win-crt-runtime-l1-1-0.dll
Event: 0.563 Loaded shared library C:\Users\Malim\.openjfx\cache\21+31\amd64\api-ms-win-crt-stdio-l1-1-0.dll
Event: 0.570 Loaded shared library C:\Users\Malim\.openjfx\cache\21+31\amd64\api-ms-win-crt-string-l1-1-0.dll
Event: 0.575 Loaded shared library C:\Users\Malim\.openjfx\cache\21+31\amd64\api-ms-win-crt-time-l1-1-0.dll
Event: 0.580 Loaded shared library C:\Users\Malim\.openjfx\cache\21+31\amd64\api-ms-win-crt-utility-l1-1-0.dll
Event: 0.601 Loaded shared library C:\Users\Malim\.openjfx\cache\21+31\amd64\ucrtbase.dll
Event: 0.606 Loaded shared library C:\Users\Malim\.openjfx\cache\21+31\amd64\vcruntime140.dll
Event: 0.610 Loaded shared library C:\Users\Malim\.openjfx\cache\21+31\amd64\vcruntime140_1.dll
Event: 0.621 Loaded shared library C:\Users\Malim\.openjfx\cache\21+31\amd64\msvcp140.dll
Event: 0.626 Loaded shared library C:\Users\Malim\.openjfx\cache\21+31\amd64\msvcp140_1.dll
Event: 0.634 Loaded shared library C:\Users\Malim\.openjfx\cache\21+31\amd64\msvcp140_2.dll
Event: 0.683 Loaded shared library C:\Users\Malim\.openjfx\cache\21+31\amd64\prism_d3d.dll
Event: 0.814 Loaded shared library C:\Users\Malim\.openjfx\cache\21+31\amd64\glass.dll
Event: 0.946 Loaded shared library C:\Program Files\Java\jdk-21\bin\jimage.dll
Event: 1.074 Loaded shared library C:\Program Files\Java\jdk-21\bin\verify.dll
Event: 1.947 Loaded shared library C:\Program Files\Java\jdk-21\bin\sunmscapi.dll
Event: 3.227 Loaded shared library C:\Users\Malim\.openjfx\cache\21+31\amd64\javafx_iio.dll
Event: 3.286 Loaded shared library C:\Users\Malim\.openjfx\cache\21+31\amd64\javafx_font.dll

Deoptimization events (20 events):
Event: 5.821 Thread 0x0000021fd50a9650 DEOPT PACKING pc=0x0000021f87b9de10 sp=0x0000004a866fb0d0
Event: 5.821 Thread 0x0000021fd50a9650 DEOPT UNPACKING pc=0x0000021f875846a2 sp=0x0000004a866fb090 mode 2
Event: 11.241 Thread 0x0000021fd4888140 DEOPT PACKING pc=0x0000021f80612262 sp=0x0000004a860fe380
Event: 11.241 Thread 0x0000021fd4888140 DEOPT UNPACKING pc=0x0000021f87584e42 sp=0x0000004a860fd7e8 mode 0
Event: 12.138 Thread 0x0000021fd4888140 DEOPT PACKING pc=0x0000021f80572c5a sp=0x0000004a860fe350
Event: 12.138 Thread 0x0000021fd4888140 DEOPT UNPACKING pc=0x0000021f87584e42 sp=0x0000004a860fd7e0 mode 0
Event: 12.905 Thread 0x0000021fd4888140 DEOPT PACKING pc=0x0000021f806418d8 sp=0x0000004a860fe230
Event: 12.905 Thread 0x0000021fd4888140 DEOPT UNPACKING pc=0x0000021f87584e42 sp=0x0000004a860fd680 mode 0
Event: 16.389 Thread 0x0000021fd50a9650 Uncommon trap: trap_request=0xffffff45 fr.pc=0x0000021f87b07738 relative=0x00000000000004d8
Event: 16.389 Thread 0x0000021fd50a9650 Uncommon trap: reason=unstable_if action=reinterpret pc=0x0000021f87b07738 method=java.lang.StringLatin1.canEncode(I)Z @ 4 c2
Event: 16.389 Thread 0x0000021fd50a9650 DEOPT PACKING pc=0x0000021f87b07738 sp=0x0000004a866fa3d0
Event: 16.389 Thread 0x0000021fd50a9650 DEOPT UNPACKING pc=0x0000021f875846a2 sp=0x0000004a866fa308 mode 2
Event: 16.639 Thread 0x0000021fd50a9650 Uncommon trap: trap_request=0xffffff45 fr.pc=0x0000021f87b2a3a8 relative=0x00000000000004c8
Event: 16.639 Thread 0x0000021fd50a9650 Uncommon trap: reason=unstable_if action=reinterpret pc=0x0000021f87b2a3a8 method=java.lang.StringLatin1.canEncode(I)Z @ 4 c2
Event: 16.639 Thread 0x0000021fd50a9650 DEOPT PACKING pc=0x0000021f87b2a3a8 sp=0x0000004a866fa370
Event: 16.639 Thread 0x0000021fd50a9650 DEOPT UNPACKING pc=0x0000021f875846a2 sp=0x0000004a866fa300 mode 2
Event: 1387.049 Thread 0x0000021fd5310f70 Uncommon trap: trap_request=0xffffff45 fr.pc=0x0000021f87b5880c relative=0x0000000000000c6c
Event: 1387.050 Thread 0x0000021fd5310f70 Uncommon trap: reason=unstable_if action=reinterpret pc=0x0000021f87b5880c method=com.sun.javafx.tk.quantum.QuantumToolkit.postPulse()V @ 7 c2
Event: 1387.051 Thread 0x0000021fd5310f70 DEOPT PACKING pc=0x0000021f87b5880c sp=0x0000004a874ff3c0
Event: 1387.053 Thread 0x0000021fd5310f70 DEOPT UNPACKING pc=0x0000021f875846a2 sp=0x0000004a874ff3a8 mode 2

Classes loaded (20 events):
Event: 3.868 Loading class sun/misc/Unsafe
Event: 3.869 Loading class sun/misc/Unsafe done
Event: 3.878 Loading class java/lang/foreign/MemorySegment
Event: 3.879 Loading class java/lang/foreign/MemorySegment done
Event: 3.886 Loading class java/nio/ShortBuffer
Event: 3.886 Loading class java/nio/ShortBuffer done
Event: 3.886 Loading class java/nio/DoubleBuffer
Event: 3.886 Loading class java/nio/DoubleBuffer done
Event: 3.887 Loading class java/nio/DirectFloatBufferU
Event: 3.887 Loading class java/nio/DirectFloatBufferU done
Event: 3.890 Loading class java/lang/FdLibm$Atan2
Event: 3.892 Loading class java/lang/FdLibm$Atan2 done
Event: 4.534 Loading class java/util/EnumMap$Values
Event: 4.534 Loading class java/util/EnumMap$Values done
Event: 4.534 Loading class java/util/EnumMap$ValueIterator
Event: 4.534 Loading class java/util/EnumMap$EnumMapIterator
Event: 4.534 Loading class java/util/EnumMap$EnumMapIterator done
Event: 4.534 Loading class java/util/EnumMap$ValueIterator done
Event: 1386.911 Loading class jdk/internal/misc/Signal$1
Event: 1386.933 Loading class jdk/internal/misc/Signal$1 done

Classes unloaded (0 events):
No events

Classes redefined (0 events):
No events

Internal exceptions (20 events):
Event: 3.238 Thread 0x0000021fd50a9650 Exception <a 'java/lang/NoSuchMethodError'{0x00000000a3abce78}: 'double java.lang.invoke.DelegatingMethodHandle$Holder.reinvoke_L(java.lang.Object, java.lang.Object, int)'> (0x00000000a3abce78) 
thrown [s\open\src\hotspot\share\interpreter\linkResolver.cpp, line 773]
Event: 3.239 Thread 0x0000021fd50a9650 Exception <a 'java/lang/NoSuchMethodError'{0x00000000a3ace360}: 'java.lang.Object java.lang.invoke.DirectMethodHandle$Holder.invokeStatic(java.lang.Object, java.lang.Object, java.lang.Object, java.lang.Object, int)'> (0x00000000a3ace360) 
thrown [s\open\src\hotspot\share\interpreter\linkResolver.cpp, line 773]
Event: 3.240 Thread 0x0000021fd50a9650 Exception <a 'java/lang/NoSuchMethodError'{0x00000000a3ad8b30}: 'void java.lang.invoke.DelegatingMethodHandle$Holder.reinvoke_L(java.lang.Object, java.lang.Object, double)'> (0x00000000a3ad8b30) 
thrown [s\open\src\hotspot\share\interpreter\linkResolver.cpp, line 773]
Event: 3.241 Thread 0x0000021fd50a9650 Exception <a 'java/lang/NoSuchMethodError'{0x00000000a3af4b48}: 'void java.lang.invoke.DirectMethodHandle$Holder.invokeSpecial(java.lang.Object, java.lang.Object, int)'> (0x00000000a3af4b48) 
thrown [s\open\src\hotspot\share\interpreter\linkResolver.cpp, line 773]
Event: 3.241 Thread 0x0000021fd50a9650 Exception <a 'java/lang/NoSuchMethodError'{0x00000000a3af87b0}: 'int java.lang.invoke.DirectMethodHandle$Holder.invokeSpecial(java.lang.Object, java.lang.Object, java.lang.Object, int)'> (0x00000000a3af87b0) 
thrown [s\open\src\hotspot\share\interpreter\linkResolver.cpp, line 773]
Event: 3.260 Thread 0x0000021fd50a9650 Exception <a 'java/lang/ClassNotFoundException'{0x00000000a85fedc0}: com/sun/glass/ui/win/themes> (0x00000000a85fedc0) 
thrown [s\open\src\hotspot\share\prims\jni.cpp, line 539]
Event: 3.260 Thread 0x0000021fd50a9650 Exception <a 'java/lang/ClassNotFoundException'{0x00000000a77071e8}: com/sun/glass/ui/win/themes_en> (0x00000000a77071e8) 
thrown [s\open\src\hotspot\share\prims\jni.cpp, line 539]
Event: 3.260 Thread 0x0000021fd50a9650 Exception <a 'java/lang/ClassNotFoundException'{0x00000000a770f010}: com/sun/glass/ui/win/themes_en_US> (0x00000000a770f010) 
thrown [s\open\src\hotspot\share\prims\jni.cpp, line 539]
Event: 3.562 Thread 0x0000021fd50a9650 Exception <a 'java/lang/ClassNotFoundException'{0x00000000a4099a60}: com/sun/javafx/scene/control/skin/resources/controls> (0x00000000a4099a60) 
thrown [s\open\src\hotspot\share\prims\jni.cpp, line 539]
Event: 3.563 Thread 0x0000021fd50a9650 Exception <a 'java/lang/ClassNotFoundException'{0x00000000a40a7c60}: com/sun/javafx/scene/control/skin/resources/controls_en> (0x00000000a40a7c60) 
thrown [s\open\src\hotspot\share\prims\jni.cpp, line 539]
Event: 3.563 Thread 0x0000021fd50a9650 Exception <a 'java/lang/ClassNotFoundException'{0x00000000a40a92c0}: com/sun/javafx/scene/control/skin/resources/controls_en_US> (0x00000000a40a92c0) 
thrown [s\open\src\hotspot\share\prims\jni.cpp, line 539]
Event: 3.592 Thread 0x0000021fd50a9650 Exception <a 'java/lang/NoSuchMethodError'{0x00000000a3e8cf08}: 'void java.lang.invoke.DirectMethodHandle$Holder.invokeSpecial(java.lang.Object, java.lang.Object, java.lang.Object, java.lang.Object, java.lang.Object, java.lang.Object)'> (0x00000000a3e8cf08) 
thrown [s\open\src\hotspot\share\interpreter\linkResolver.cpp, line 773]
Event: 3.594 Thread 0x0000021fd50a9650 Exception <a 'java/lang/IncompatibleClassChangeError'{0x00000000a3eab640}: Found class java.lang.Object, but interface was expected> (0x00000000a3eab640) 
thrown [s\open\src\hotspot\share\interpreter\linkResolver.cpp, line 840]
Event: 3.691 Thread 0x0000021fd50a9650 Exception <a 'java/lang/NoSuchMethodError'{0x00000000a4ffbc38}: 'int java.lang.invoke.DirectMethodHandle$Holder.invokeSpecial(java.lang.Object, java.lang.Object, int)'> (0x00000000a4ffbc38) 
thrown [s\open\src\hotspot\share\interpreter\linkResolver.cpp, line 773]
Event: 3.700 Thread 0x0000021fd50a9650 Exception <a 'java/lang/NoSuchMethodError'{0x00000000a4e3ac00}: 'java.lang.Object java.lang.invoke.DirectMethodHandle$Holder.newInvokeSpecial(java.lang.Object, java.lang.Object, int)'> (0x00000000a4e3ac00) 
thrown [s\open\src\hotspot\share\interpreter\linkResolver.cpp, line 773]
Event: 3.831 Thread 0x0000021fd4888140 Exception <a 'java/lang/NoSuchMethodError'{0x00000000a4d20a10}: 'int java.lang.invoke.DirectMethodHandle$Holder.invokeStaticInit(java.lang.Object, java.lang.Object)'> (0x00000000a4d20a10) 
thrown [s\open\src\hotspot\share\interpreter\linkResolver.cpp, line 773]
Event: 3.835 Thread 0x0000021fd50a9650 Exception <a 'java/lang/NoSuchMethodError'{0x00000000a4d5e618}: 'long java.lang.invoke.DirectMethodHandle$Holder.invokeStatic(java.lang.Object, java.lang.Object, java.lang.Object)'> (0x00000000a4d5e618) 
thrown [s\open\src\hotspot\share\interpreter\linkResolver.cpp, line 773]
Event: 3.835 Thread 0x0000021fd50a9650 Exception <a 'java/lang/NoSuchMethodError'{0x00000000a4d619e8}: 'long java.lang.invoke.DirectMethodHandle$Holder.invokeStaticInit(java.lang.Object, java.lang.Object, java.lang.Object)'> (0x00000000a4d619e8) 
thrown [s\open\src\hotspot\share\interpreter\linkResolver.cpp, line 773]
Event: 3.837 Thread 0x0000021fd50a9650 Exception <a 'java/lang/NoSuchMethodError'{0x00000000a4d75ee8}: 'java.lang.Object java.lang.invoke.DirectMethodHandle$Holder.newInvokeSpecial(java.lang.Object, java.lang.Object, long)'> (0x00000000a4d75ee8) 
thrown [s\open\src\hotspot\share\interpreter\linkResolver.cpp, line 773]
Event: 3.837 Thread 0x0000021fd50a9650 Exception <a 'java/lang/NoSuchMethodError'{0x00000000a4d797e0}: 'java.lang.Object java.lang.invoke.Invokers$Holder.linkToTargetMethod(java.lang.Object, long, java.lang.Object)'> (0x00000000a4d797e0) 
thrown [s\open\src\hotspot\share\interpreter\linkResolver.cpp, line 773]

ZGC Phase Switch (0 events):
No events

VM Operations (20 events):
Event: 22.528 Executing VM operation: G1PauseRemark done
Event: 22.531 Executing VM operation: G1PauseCleanup
Event: 22.531 Executing VM operation: G1PauseCleanup done
Event: 23.531 Executing VM operation: Cleanup
Event: 23.531 Executing VM operation: Cleanup done
Event: 24.532 Executing VM operation: Cleanup
Event: 24.532 Executing VM operation: Cleanup done
Event: 60.181 Executing VM operation: HandshakeAllThreads (HandshakeForDeflation)
Event: 60.181 Executing VM operation: HandshakeAllThreads (HandshakeForDeflation) done
Event: 60.181 Executing VM operation: RendezvousGCThreads
Event: 60.181 Executing VM operation: RendezvousGCThreads done
Event: 537.418 Executing VM operation: Cleanup
Event: 537.421 Executing VM operation: Cleanup done
Event: 1052.712 Executing VM operation: Cleanup
Event: 1052.715 Executing VM operation: Cleanup done
Event: 1054.715 Executing VM operation: Cleanup
Event: 1054.716 Executing VM operation: Cleanup done
Event: 1057.717 Executing VM operation: Cleanup
Event: 1057.718 Executing VM operation: Cleanup done
Event: 1387.186 Executing VM operation: Exit

Events (20 events):
Event: 22.527 Thread 0x0000021ffba6b1c0 flushing nmethod 0x0000021f800eda90
Event: 22.527 Thread 0x0000021ffba6b1c0 flushing nmethod 0x0000021f800bd590
Event: 22.527 Thread 0x0000021ffba6b1c0 flushing nmethod 0x0000021f800ab290
Event: 22.527 Thread 0x0000021ffba6b1c0 flushing nmethod 0x0000021f80087290
Event: 22.527 Thread 0x0000021ffba6b1c0 flushing nmethod 0x0000021f80063e10
Event: 22.527 Thread 0x0000021ffba6b1c0 flushing nmethod 0x0000021f800a7a90
Event: 22.527 Thread 0x0000021ffba6b1c0 flushing nmethod 0x0000021f8001a810
Event: 22.527 Thread 0x0000021ffba6b1c0 flushing nmethod 0x0000021f80059e90
Event: 22.527 Thread 0x0000021ffba6b1c0 flushing nmethod 0x0000021f80035f90
Event: 22.527 Thread 0x0000021ffba6b1c0 flushing nmethod 0x0000021f80025690
Event: 22.527 Thread 0x0000021ffba6b1c0 flushing nmethod 0x0000021f8000e490
Event: 22.527 Thread 0x0000021ffba6b1c0 flushing nmethod 0x0000021f80023110
Event: 22.527 Thread 0x0000021ffba6b1c0 flushing nmethod 0x0000021f87b56f90
Event: 22.527 Thread 0x0000021ffba6b1c0 flushing nmethod 0x0000021f87b35590
Event: 1386.954 Thread 0x0000021fdb681070 Thread added: 0x0000021fdb681070
Event: 1387.025 Thread 0x0000021fdb681700 Thread added: 0x0000021fdb681700
Event: 1387.025 Thread 0x0000021fdb682420 Thread added: 0x0000021fdb682420
Event: 1387.057 Thread 0x0000021fdb682420 Thread exited: 0x0000021fdb682420
Event: 1387.177 Thread 0x0000021fdb681700 Thread exited: 0x0000021fdb681700
Event: 1387.186 Thread 0x0000021ffba87720 Thread exited: 0x0000021ffba87720


Dynamic libraries:
0x00007ff74b590000 - 0x00007ff74b5a0000 	C:\Program Files\Java\jdk-21\bin\java.exe
0x00007ffe85ff0000 - 0x00007ffe86207000 	C:\Windows\SYSTEM32\ntdll.dll
0x00007ffe85290000 - 0x00007ffe85354000 	C:\Windows\System32\KERNEL32.DLL
0x00007ffe83990000 - 0x00007ffe83d36000 	C:\Windows\System32\KERNELBASE.dll
0x00007ffe83540000 - 0x00007ffe83651000 	C:\Windows\System32\ucrtbase.dll
0x00007ffe7fff0000 - 0x00007ffe8000b000 	C:\Program Files\Java\jdk-21\bin\VCRUNTIME140.dll
0x00007ffe71c60000 - 0x00007ffe71c79000 	C:\Program Files\Java\jdk-21\bin\jli.dll
0x00007ffe84540000 - 0x00007ffe845f1000 	C:\Windows\System32\ADVAPI32.dll
0x00007ffe85120000 - 0x00007ffe851c7000 	C:\Windows\System32\msvcrt.dll
0x00007ffe84360000 - 0x00007ffe84405000 	C:\Windows\System32\sechost.dll
0x00007ffe84420000 - 0x00007ffe84537000 	C:\Windows\System32\RPCRT4.dll
0x00007ffe85d90000 - 0x00007ffe85f3e000 	C:\Windows\System32\USER32.dll
0x00007ffe83780000 - 0x00007ffe837a6000 	C:\Windows\System32\win32u.dll
0x00007ffe718d0000 - 0x00007ffe71b63000 	C:\Windows\WinSxS\amd64_microsoft.windows.common-controls_6595b64144ccf1df_6.0.22621.2506_none_270c5ae97388e100\COMCTL32.dll
0x00007ffe85260000 - 0x00007ffe85289000 	C:\Windows\System32\GDI32.dll
0x00007ffe83660000 - 0x00007ffe83778000 	C:\Windows\System32\gdi32full.dll
0x00007ffe834a0000 - 0x00007ffe8353a000 	C:\Windows\System32\msvcp_win.dll
0x00007ffe792c0000 - 0x00007ffe792ca000 	C:\Windows\SYSTEM32\VERSION.dll
0x00007ffe84860000 - 0x00007ffe84891000 	C:\Windows\System32\IMM32.DLL
0x00007ffe7ddd0000 - 0x00007ffe7dddc000 	C:\Program Files\Java\jdk-21\bin\vcruntime140_1.dll
0x00007ffe55670000 - 0x00007ffe556fe000 	C:\Program Files\Java\jdk-21\bin\msvcp140.dll
0x00007ffe3e5d0000 - 0x00007ffe3f2e5000 	C:\Program Files\Java\jdk-21\bin\server\jvm.dll
0x00007ffe84750000 - 0x00007ffe847c1000 	C:\Windows\System32\WS2_32.dll
0x00007ffe82df0000 - 0x00007ffe82e3d000 	C:\Windows\SYSTEM32\POWRPROF.dll
0x00007ffe79af0000 - 0x00007ffe79b24000 	C:\Windows\SYSTEM32\WINMM.dll
0x00007ffe82cd0000 - 0x00007ffe82ce3000 	C:\Windows\SYSTEM32\UMPDC.dll
0x00007ffe82340000 - 0x00007ffe82358000 	C:\Windows\SYSTEM32\kernel.appcore.dll
0x00007ffe7bef0000 - 0x00007ffe7befa000 	C:\Program Files\Java\jdk-21\bin\jimage.dll
0x00007ffe80c80000 - 0x00007ffe80eb3000 	C:\Windows\SYSTEM32\DBGHELP.DLL
0x00007ffe83df0000 - 0x00007ffe84179000 	C:\Windows\System32\combase.dll
0x00007ffe857d0000 - 0x00007ffe858a7000 	C:\Windows\System32\OLEAUT32.dll
0x00007ffe5edd0000 - 0x00007ffe5ee02000 	C:\Windows\SYSTEM32\dbgcore.DLL
0x00007ffe83420000 - 0x00007ffe8349a000 	C:\Windows\System32\bcryptPrimitives.dll
0x00007ffe77310000 - 0x00007ffe7731f000 	C:\Program Files\Java\jdk-21\bin\instrument.dll
0x00007ffe71c40000 - 0x00007ffe71c5f000 	C:\Program Files\Java\jdk-21\bin\java.dll
0x00007ffe848a0000 - 0x00007ffe850fa000 	C:\Windows\System32\SHELL32.dll
0x00007ffe81230000 - 0x00007ffe81b26000 	C:\Windows\SYSTEM32\windows.storage.dll
0x00007ffe810f0000 - 0x00007ffe8122e000 	C:\Windows\SYSTEM32\wintypes.dll
0x00007ffe853c0000 - 0x00007ffe854b3000 	C:\Windows\System32\SHCORE.dll
0x00007ffe858b0000 - 0x00007ffe8590e000 	C:\Windows\System32\shlwapi.dll
0x00007ffe83290000 - 0x00007ffe832b6000 	C:\Windows\SYSTEM32\profapi.dll
0x00007ffe54d10000 - 0x00007ffe54de7000 	C:\Program Files\Java\jdk-21\bin\jsvml.dll
0x00007ffe77380000 - 0x00007ffe77390000 	C:\Program Files\Java\jdk-21\bin\net.dll
0x00007ffe7b7a0000 - 0x00007ffe7b8d7000 	C:\Windows\SYSTEM32\WINHTTP.dll
0x00007ffe827e0000 - 0x00007ffe82849000 	C:\Windows\system32\mswsock.dll
0x00007ffe71c20000 - 0x00007ffe71c36000 	C:\Program Files\Java\jdk-21\bin\nio.dll
0x00007ffe71520000 - 0x00007ffe71538000 	C:\Program Files\Java\jdk-21\bin\zip.dll
0x00007ffe6e230000 - 0x00007ffe6e24a000 	C:\Program Files\JetBrains\IntelliJ IDEA 2023.3.2\bin\breakgen64.dll
0x0000021fd4d40000 - 0x0000021fd4d43000 	C:\Users\Malim\.openjfx\cache\21+31\amd64\api-ms-win-core-console-l1-1-0.dll
0x0000021fd4d50000 - 0x0000021fd4d53000 	C:\Users\Malim\.openjfx\cache\21+31\amd64\api-ms-win-core-console-l1-2-0.dll
0x0000021fd4d60000 - 0x0000021fd4d63000 	C:\Users\Malim\.openjfx\cache\21+31\amd64\api-ms-win-core-datetime-l1-1-0.dll
0x0000021fd4d70000 - 0x0000021fd4d73000 	C:\Users\Malim\.openjfx\cache\21+31\amd64\api-ms-win-core-debug-l1-1-0.dll
0x0000021fd4d80000 - 0x0000021fd4d83000 	C:\Users\Malim\.openjfx\cache\21+31\amd64\api-ms-win-core-errorhandling-l1-1-0.dll
0x0000021fd4d90000 - 0x0000021fd4d94000 	C:\Users\Malim\.openjfx\cache\21+31\amd64\api-ms-win-core-file-l1-1-0.dll
0x0000021fd4da0000 - 0x0000021fd4da3000 	C:\Users\Malim\.openjfx\cache\21+31\amd64\api-ms-win-core-file-l1-2-0.dll
0x0000021fd4db0000 - 0x0000021fd4db3000 	C:\Users\Malim\.openjfx\cache\21+31\amd64\api-ms-win-core-file-l2-1-0.dll
0x0000021fd4dc0000 - 0x0000021fd4dc3000 	C:\Users\Malim\.openjfx\cache\21+31\amd64\api-ms-win-core-handle-l1-1-0.dll
0x0000021fd4dd0000 - 0x0000021fd4dd3000 	C:\Users\Malim\.openjfx\cache\21+31\amd64\api-ms-win-core-heap-l1-1-0.dll
0x0000021fd4de0000 - 0x0000021fd4de3000 	C:\Users\Malim\.openjfx\cache\21+31\amd64\api-ms-win-core-interlocked-l1-1-0.dll
0x0000021fd4df0000 - 0x0000021fd4df3000 	C:\Users\Malim\.openjfx\cache\21+31\amd64\api-ms-win-core-libraryloader-l1-1-0.dll
0x0000021fd4e00000 - 0x0000021fd4e03000 	C:\Users\Malim\.openjfx\cache\21+31\amd64\api-ms-win-core-localization-l1-2-0.dll
0x0000021fd4e10000 - 0x0000021fd4e13000 	C:\Users\Malim\.openjfx\cache\21+31\amd64\api-ms-win-core-memory-l1-1-0.dll
0x0000021fd4e20000 - 0x0000021fd4e23000 	C:\Users\Malim\.openjfx\cache\21+31\amd64\api-ms-win-core-namedpipe-l1-1-0.dll
0x0000021fd4e30000 - 0x0000021fd4e33000 	C:\Users\Malim\.openjfx\cache\21+31\amd64\api-ms-win-core-processenvironment-l1-1-0.dll
0x0000021fd4e40000 - 0x0000021fd4e43000 	C:\Users\Malim\.openjfx\cache\21+31\amd64\api-ms-win-core-processthreads-l1-1-0.dll
0x0000021fd4e50000 - 0x0000021fd4e53000 	C:\Users\Malim\.openjfx\cache\21+31\amd64\api-ms-win-core-processthreads-l1-1-1.dll
0x0000021fd4e60000 - 0x0000021fd4e63000 	C:\Users\Malim\.openjfx\cache\21+31\amd64\api-ms-win-core-profile-l1-1-0.dll
0x0000021fd4e70000 - 0x0000021fd4e73000 	C:\Users\Malim\.openjfx\cache\21+31\amd64\api-ms-win-core-rtlsupport-l1-1-0.dll
0x0000021fd4e80000 - 0x0000021fd4e83000 	C:\Users\Malim\.openjfx\cache\21+31\amd64\api-ms-win-core-string-l1-1-0.dll
0x0000021fd4e90000 - 0x0000021fd4e93000 	C:\Users\Malim\.openjfx\cache\21+31\amd64\api-ms-win-core-synch-l1-1-0.dll
0x0000021fd4ea0000 - 0x0000021fd4ea3000 	C:\Users\Malim\.openjfx\cache\21+31\amd64\api-ms-win-core-synch-l1-2-0.dll
0x0000021fd4eb0000 - 0x0000021fd4eb3000 	C:\Users\Malim\.openjfx\cache\21+31\amd64\api-ms-win-core-sysinfo-l1-1-0.dll
0x0000021fd4ec0000 - 0x0000021fd4ec3000 	C:\Users\Malim\.openjfx\cache\21+31\amd64\api-ms-win-core-timezone-l1-1-0.dll
0x0000021fd4ed0000 - 0x0000021fd4ed3000 	C:\Users\Malim\.openjfx\cache\21+31\amd64\api-ms-win-core-util-l1-1-0.dll
0x0000021fd4ee0000 - 0x0000021fd4ee3000 	C:\Users\Malim\.openjfx\cache\21+31\amd64\api-ms-win-crt-conio-l1-1-0.dll
0x0000021fd4ef0000 - 0x0000021fd4ef4000 	C:\Users\Malim\.openjfx\cache\21+31\amd64\api-ms-win-crt-convert-l1-1-0.dll
0x0000021fd4f00000 - 0x0000021fd4f03000 	C:\Users\Malim\.openjfx\cache\21+31\amd64\api-ms-win-crt-environment-l1-1-0.dll
0x0000021fd4f10000 - 0x0000021fd4f13000 	C:\Users\Malim\.openjfx\cache\21+31\amd64\api-ms-win-crt-filesystem-l1-1-0.dll
0x0000021fd4f20000 - 0x0000021fd4f23000 	C:\Users\Malim\.openjfx\cache\21+31\amd64\api-ms-win-crt-heap-l1-1-0.dll
0x0000021fd4f30000 - 0x0000021fd4f33000 	C:\Users\Malim\.openjfx\cache\21+31\amd64\api-ms-win-crt-locale-l1-1-0.dll
0x0000021fd4f40000 - 0x0000021fd4f45000 	C:\Users\Malim\.openjfx\cache\21+31\amd64\api-ms-win-crt-math-l1-1-0.dll
0x0000021fd4f50000 - 0x0000021fd4f55000 	C:\Users\Malim\.openjfx\cache\21+31\amd64\api-ms-win-crt-multibyte-l1-1-0.dll
0x0000021fd5f30000 - 0x0000021fd5f40000 	C:\Users\Malim\.openjfx\cache\21+31\amd64\api-ms-win-crt-private-l1-1-0.dll
0x0000021fd5f40000 - 0x0000021fd5f43000 	C:\Users\Malim\.openjfx\cache\21+31\amd64\api-ms-win-crt-process-l1-1-0.dll
0x0000021fd5f50000 - 0x0000021fd5f54000 	C:\Users\Malim\.openjfx\cache\21+31\amd64\api-ms-win-crt-runtime-l1-1-0.dll
0x0000021fd5f60000 - 0x0000021fd5f64000 	C:\Users\Malim\.openjfx\cache\21+31\amd64\api-ms-win-crt-stdio-l1-1-0.dll
0x0000021fd5f70000 - 0x0000021fd5f74000 	C:\Users\Malim\.openjfx\cache\21+31\amd64\api-ms-win-crt-string-l1-1-0.dll
0x0000021fd5f80000 - 0x0000021fd5f83000 	C:\Users\Malim\.openjfx\cache\21+31\amd64\api-ms-win-crt-time-l1-1-0.dll
0x0000021fd5f90000 - 0x0000021fd5f93000 	C:\Users\Malim\.openjfx\cache\21+31\amd64\api-ms-win-crt-utility-l1-1-0.dll
0x00007ffe405a0000 - 0x00007ffe4069c000 	C:\Users\Malim\.openjfx\cache\21+31\amd64\ucrtbase.dll
0x00007ffe47550000 - 0x00007ffe4756b000 	C:\Users\Malim\.openjfx\cache\21+31\amd64\vcruntime140.dll
0x00007ffe6d860000 - 0x00007ffe6d86c000 	C:\Users\Malim\.openjfx\cache\21+31\amd64\vcruntime140_1.dll
0x00007ffe3e540000 - 0x00007ffe3e5ce000 	C:\Users\Malim\.openjfx\cache\21+31\amd64\msvcp140.dll
0x00007ffe84180000 - 0x00007ffe84320000 	C:\Windows\System32\ole32.dll
0x00007ffe6d330000 - 0x00007ffe6d339000 	C:\Users\Malim\.openjfx\cache\21+31\amd64\msvcp140_1.dll
0x00007ffe40570000 - 0x00007ffe4059f000 	C:\Users\Malim\.openjfx\cache\21+31\amd64\msvcp140_2.dll
0x00007ffe3e510000 - 0x00007ffe3e53f000 	C:\Users\Malim\.openjfx\cache\21+31\amd64\prism_d3d.dll
0x00007ffe48930000 - 0x00007ffe48ad9000 	C:\Windows\system32\d3d9.dll
0x00007ffe804a0000 - 0x00007ffe804cb000 	C:\Windows\SYSTEM32\dwmapi.dll
0x00007ffe80350000 - 0x00007ffe80386000 	C:\Windows\SYSTEM32\dxcore.dll
0x00007ffe80270000 - 0x00007ffe8031b000 	C:\Windows\system32\uxtheme.dll
0x00007ffe78e50000 - 0x00007ffe7900b000 	C:\Windows\System32\DriverStore\FileRepository\u0390485.inf_amd64_0df0f85c1f63a19d\B389503\aticfx64.dll
0x00007ffe488f0000 - 0x00007ffe48924000 	C:\Windows\System32\DriverStore\FileRepository\u0390485.inf_amd64_0df0f85c1f63a19d\B389503\atiu9p64.dll
0x00007ffe47b90000 - 0x00007ffe488e5000 	C:\Windows\System32\DriverStore\FileRepository\u0390485.inf_amd64_0df0f85c1f63a19d\B389503\atiumd64.dll
0x0000000076ab0000 - 0x00000000779d8000 	C:\Windows\System32\DriverStore\FileRepository\u0390485.inf_amd64_0df0f85c1f63a19d\B389503\atiumd6a.dll
0x00007ffe85910000 - 0x00007ffe85d84000 	C:\Windows\System32\SETUPAPI.dll
0x00007ffe82ca0000 - 0x00007ffe82cc8000 	C:\Windows\SYSTEM32\bcrypt.dll
0x00007ffe79210000 - 0x00007ffe79245000 	C:\Windows\SYSTEM32\amdihk64.dll
0x00007ffe7da50000 - 0x00007ffe7da9a000 	C:\Windows\SYSTEM32\directxdatabasehelper.dll
0x00007ffe3e4c0000 - 0x00007ffe3e502000 	C:\Users\Malim\.openjfx\cache\21+31\amd64\glass.dll
0x00007ffe84600000 - 0x00007ffe846f9000 	C:\Windows\System32\COMDLG32.dll
0x00007ffe854c0000 - 0x00007ffe85610000 	C:\Windows\System32\MSCTF.dll
0x00007ffe5dc90000 - 0x00007ffe5dca0000 	C:\Program Files\Java\jdk-21\bin\verify.dll
0x00007ffe82aa0000 - 0x00007ffe82abb000 	C:\Windows\SYSTEM32\CRYPTSP.dll
0x00007ffe822a0000 - 0x00007ffe822d5000 	C:\Windows\system32\rsaenh.dll
0x00007ffe828d0000 - 0x00007ffe828fc000 	C:\Windows\SYSTEM32\USERENV.dll
0x00007ffe82ac0000 - 0x00007ffe82acc000 	C:\Windows\SYSTEM32\CRYPTBASE.dll
0x00007ffe81d90000 - 0x00007ffe81dbd000 	C:\Windows\SYSTEM32\IPHLPAPI.DLL
0x00007ffe84410000 - 0x00007ffe84419000 	C:\Windows\System32\NSI.dll
0x00007ffe81dc0000 - 0x00007ffe81eb9000 	C:\Windows\SYSTEM32\DNSAPI.dll
0x00007ffe77020000 - 0x00007ffe7702a000 	C:\Windows\System32\rasadhlp.dll
0x00007ffe79660000 - 0x00007ffe796e3000 	C:\Windows\System32\fwpuclnt.dll
0x00007ffe71510000 - 0x00007ffe7151e000 	C:\Program Files\Java\jdk-21\bin\sunmscapi.dll
0x00007ffe837b0000 - 0x00007ffe83916000 	C:\Windows\System32\CRYPT32.dll
0x00007ffe82c60000 - 0x00007ffe82c8d000 	C:\Windows\SYSTEM32\ncrypt.dll
0x00007ffe82c20000 - 0x00007ffe82c57000 	C:\Windows\SYSTEM32\NTASN1.dll
0x00007ffe3e490000 - 0x00007ffe3e4bd000 	C:\Users\Malim\.openjfx\cache\21+31\amd64\javafx_iio.dll
0x00007ffe40330000 - 0x00007ffe40344000 	C:\Users\Malim\.openjfx\cache\21+31\amd64\javafx_font.dll

dbghelp: loaded successfully - version: 4.0.5 - missing functions: none
symbol engine: initialized successfully - sym options: 0x614 - pdb path: .;C:\Program Files\Java\jdk-21\bin;C:\Windows\SYSTEM32;C:\Windows\WinSxS\amd64_microsoft.windows.common-controls_6595b64144ccf1df_6.0.22621.2506_none_270c5ae97388e100;C:\Program Files\Java\jdk-21\bin\server;C:\Program Files\JetBrains\IntelliJ IDEA 2023.3.2\bin;C:\Users\Malim\.openjfx\cache\21+31\amd64;C:\Windows\System32\DriverStore\FileRepository\u0390485.inf_amd64_0df0f85c1f63a19d\B389503;C:\Program Files\Common Files\Microsoft Shared\Ink

VM Arguments:
jvm_args: --enable-preview -javaagent:C:\Program Files\JetBrains\IntelliJ IDEA 2023.3.2\lib\idea_rt.jar=61059:C:\Program Files\JetBrains\IntelliJ IDEA 2023.3.2\bin -Dfile.encoding=UTF-8 -Dsun.stdout.encoding=UTF-8 -Dsun.stderr.encoding=UTF-8 --module-path=C:\Users\Malim\.m2\repository\org\openjfx\javafx-graphics\21\javafx-graphics-21-win.jar;C:\gosha\java\AnimeList\target\classes;C:\Users\Malim\.m2\repository\org\controlsfx\controlsfx\11.1.2\controlsfx-11.1.2.jar;C:\Users\Malim\.m2\repository\com\dlsc\formsfx\formsfx-core\11.6.0\formsfx-core-11.6.0.jar;C:\Users\Malim\.m2\repository\org\openjfx\javafx-fxml\21\javafx-fxml-21-win.jar;C:\Users\Malim\.m2\repository\org\hibernate\orm\hibernate-core\6.0.0.Final\hibernate-core-6.0.0.Final.jar;C:\Users\Malim\.m2\repository\org\openjfx\javafx-controls\21\javafx-controls-21-win.jar;C:\Users\Malim\.m2\repository\org\openjfx\javafx-base\21\javafx-base-21-win.jar;C:\Users\Malim\.m2\repository\jakarta\persistence\jakarta.persistence-api\3.1.0\jakarta.persistence-api-3.1.0.jar -Djdk.module.main=oop.animelist 
java_command: oop.animelist/oop.animelist.AnimeStoreApp
java_class_path (initial): C:\Users\Malim\.m2\repository\jakarta\transaction\jakarta.transaction-api\2.0.0\jakarta.transaction-api-2.0.0.jar;C:\Users\Malim\.m2\repository\org\jboss\logging\jboss-logging\3.4.3.Final\jboss-logging-3.4.3.Final.jar;C:\Users\Malim\.m2\repository\org\jboss\jandex\2.4.2.Final\jandex-2.4.2.Final.jar;C:\Users\Malim\.m2\repository\com\fasterxml\classmate\1.5.1\classmate-1.5.1.jar;C:\Users\Malim\.m2\repository\org\hibernate\common\hibernate-commons-annotations\6.0.0.CR1\hibernate-commons-annotations-6.0.0.CR1.jar;C:\Users\Malim\.m2\repository\net\bytebuddy\byte-buddy\1.12.8\byte-buddy-1.12.8.jar;C:\Users\Malim\.m2\repository\jakarta\activation\jakarta.activation-api\2.0.1\jakarta.activation-api-2.0.1.jar;C:\Users\Malim\.m2\repository\jakarta\xml\bind\jakarta.xml.bind-api\3.0.1\jakarta.xml.bind-api-3.0.1.jar;C:\Users\Malim\.m2\repository\com\sun\activation\jakarta.activation\2.0.1\jakarta.activation-2.0.1.jar;C:\Users\Malim\.m2\repository\org\glassfish\jaxb\jaxb-runtime\3.0.2\jaxb-runtime-3.0.2.jar;C:\Users\Malim\.m2\repository\org\glassfish\jaxb\jaxb-core\3.0.2\jaxb-core-3.0.2.jar;C:\Users\Malim\.m2\repository\org\glassfish\jaxb\txw2\3.0.2\txw2-3.0.2.jar;C:\Users\Malim\.m2\repository\com\sun\istack\istack-commons-runtime\4.0.1\istack-commons-runtime-4.0.1.jar;C:\Users\Malim\.m2\repository\jakarta\inject\jakarta.inject-api\2.0.0\jakarta.inject-api-2.0.0.jar;C:\Users\Malim\.m2\repository\org\antlr\antlr4-runtime\4.9.1\antlr4-runtime-4.9.1.jar;C:\Users\Malim\.m2\repository\com\mysql\mysql-connector-j\8.0.33\mysql-connector-j-8.0.33.jar;C:\Users\Malim\.m2\repository\com\google\protobuf\protobuf-java\3.21.9\protobuf-java-3.21.9.jar;C:\Users\Malim\.m2\repository\org\openjfx\javafx-controls\21\javafx-controls-21.jar;C:\Users\Malim\.m2\repository\org\openjfx\javafx-graphics\21\javafx-graphics-21.jar;C:\Users\Malim\.m2\repository\org\openjfx\javafx-base\21\javafx-base-21.jar;C:\Users\Malim\.m2\repository\org\openjfx\javafx-fxml\21\javafx-fxml-21.jar;C:\Users\Malim\.m2\repository\javax\servlet\servlet-api\2.5\servlet-api-2.5.jar;C:\Users\Malim\.m2\repository\javassist\javassist\3.12.1.GA\javassist-3.12.1.GA.jar;C:\Users\Malim\.m2\repository\org\openjfx\javafx-archetype-fxml\0.0.3\javafx-archetype-fxml-0.0.3.jar;C:\Users\Malim\.m2\repository\org\openjfx\javafx-archetype-simple\0.0.3\javafx-archetype-simple-0.0.3.jar
Launcher Type: SUN_STANDARD

[Global flags]
     intx CICompilerCount                          = 4                                         {product} {ergonomic}
     uint ConcGCThreads                            = 3                                         {product} {ergonomic}
     uint G1ConcRefinementThreads                  = 10                                        {product} {ergonomic}
   size_t G1HeapRegionSize                         = 1048576                                   {product} {ergonomic}
    uintx GCDrainStackTargetSize                   = 64                                        {product} {ergonomic}
   size_t InitialHeapSize                          = 98566144                                  {product} {ergonomic}
   size_t MarkStackSize                            = 4194304                                   {product} {ergonomic}
   size_t MaxHeapSize                              = 1568669696                                {product} {ergonomic}
   size_t MaxNewSize                               = 940572672                                 {product} {ergonomic}
   size_t MinHeapDeltaBytes                        = 1048576                                   {product} {ergonomic}
   size_t MinHeapSize                              = 8388608                                   {product} {ergonomic}
    uintx NonNMethodCodeHeapSize                   = 5839372                                {pd product} {ergonomic}
    uintx NonProfiledCodeHeapSize                  = 122909434                              {pd product} {ergonomic}
    uintx ProfiledCodeHeapSize                     = 122909434                              {pd product} {ergonomic}
    uintx ReservedCodeCacheSize                    = 251658240                              {pd product} {ergonomic}
     bool SegmentedCodeCache                       = true                                      {product} {ergonomic}
   size_t SoftMaxHeapSize                          = 1568669696                             {manageable} {ergonomic}
     bool UseCompressedOops                        = true                           {product lp64_product} {ergonomic}
     bool UseG1GC                                  = true                                      {product} {ergonomic}
     bool UseLargePagesIndividualAllocation        = false                                  {pd product} {ergonomic}

Logging:
Log output configuration:
 #0: stdout all=off uptime,level,tags foldmultilines=false
 #1: stderr all=off uptime,level,tags foldmultilines=false

Environment Variables:
PATH=C:\Program Files\Common Files\Oracle\Java\javapath;C:\Windows\system32;C:\Windows;C:\Windows\System32\Wbem;C:\Windows\System32\WindowsPowerShell\v1.0\;C:\Windows\System32\OpenSSH\;C:\Program Files\dotnet\;C:\Program Files (x86)\Windows Kits\10\Windows Performance Toolkit\;C:\Program Files\Git\cmd;C:\Program Files\MySQL\MySQL Shell 8.0\bin\;C:\Users\Malim\AppData\Local\Microsoft\WindowsApps;C:\Users\Malim\.dotnet\tools;C:\gosha\java\devtools\apache-maven-3.9.6\bin;;C:\Program Files\JetBrains\IntelliJ IDEA 2023.3.2\bin;
USERNAME=Malim
OS=Windows_NT
PROCESSOR_IDENTIFIER=AMD64 Family 25 Model 80 Stepping 0, AuthenticAMD
TMP=C:\Users\Malim\AppData\Local\Temp
TEMP=C:\Users\Malim\AppData\Local\Temp




Periodic native trim disabled

---------------  S Y S T E M  ---------------

OS:
 Windows 11 , 64 bit Build 22621 (10.0.22621.2506)
OS uptime: 4 days 13:29 hours
Hyper-V role detected

CPU: total 12 (initial active 12) (12 cores per cpu, 2 threads per core) family 25 model 80 stepping 0 microcode 0x0, cx8, cmov, fxsr, ht, mmx, 3dnowpref, sse, sse2, sse3, ssse3, sse4a, sse4.1, sse4.2, popcnt, lzcnt, tsc, tscinvbit, avx, avx2, aes, erms, clmul, bmi1, bmi2, adx, sha, fma, vzeroupper, clflush, clflushopt, hv, rdtscp, rdpid, fsrm, f16c, cet_ss
Processor Information for all 12 processors :
  Max Mhz: 2000, Current Mhz: 2000, Mhz Limit: 2000

Memory: 4k page, system-wide physical 5981M (711M free)
TotalPageFile size 23691M (AvailPageFile size 2130M)
current process WorkingSet (physical memory assigned to process): 27M, peak: 218M
current process commit charge ("private bytes"): 275M, peak: 288M

vm_info: Java HotSpot(TM) 64-Bit Server VM (21.0.1+12-LTS-29) for windows-amd64 JRE (21.0.1+12-LTS-29), built on 2023-10-05T13:27:09Z by "mach5one" with MS VC++ 17.1 (VS2022)

END.
